This file contains any messages produced by compilers while
running configure, to aid debugging if configure makes a mistake.

It was created by mfbvar configure 0.3.0.9000, which was
generated by GNU Autoconf 2.69.  Invocation command line was

  $ ./configure 

## --------- ##
## Platform. ##
## --------- ##

hostname = mac189605
uname -m = x86_64
uname -r = 16.7.0
uname -s = Darwin
uname -v = Darwin Kernel Version 16.7.0: Mon Nov 13 21:56:25 PST 2017; root:xnu-3789.72.11~1/RELEASE_X86_64

/usr/bin/uname -p = i386
/bin/uname -X     = unknown

/bin/arch              = unknown
/usr/bin/arch -k       = unknown
/usr/convex/getsysinfo = unknown
/usr/bin/hostinfo      = Mach kernel version:
	 Darwin Kernel Version 16.7.0: Mon Nov 13 21:56:25 PST 2017; root:xnu-3789.72.11~1/RELEASE_X86_64
Kernel configured for up to 8 processors.
4 processors are physically available.
8 processors are logically available.
Processor type: x86_64h (Intel x86-64h Haswell)
Processors active: 0 1 2 3 4 5 6 7
Primary memory available: 32.00 gigabytes
Default processor set: 378 tasks, 1713 threads, 8 processors
Load average: 2.17, Mach factor: 5.82
/bin/machine           = unknown
/usr/bin/oslevel       = unknown
/bin/universe          = unknown

PATH: /opt/cellranger-2.0.1
PATH: /usr/local/opt/coreutils/libexec/gnubin
PATH: /usr/local/bin
PATH: /usr/bin
PATH: /bin
PATH: /usr/sbin
PATH: /sbin
PATH: /opt/X11/bin
PATH: /Library/TeX/texbin


## ----------- ##
## Core tests. ##
## ----------- ##

configure:1910: checking for C++ compiler version
configure:1919: clang++ -arch x86_64 -ftemplate-depth-256 --version >&5
Apple LLVM version 9.0.0 (clang-900.0.38)
Target: x86_64-apple-darwin16.7.0
Thread model: posix
InstalledDir: /Library/Developer/CommandLineTools/usr/bin
configure:1930: $? = 0
configure:1919: clang++ -arch x86_64 -ftemplate-depth-256 -v >&5
Apple LLVM version 9.0.0 (clang-900.0.38)
Target: x86_64-apple-darwin16.7.0
Thread model: posix
InstalledDir: /Library/Developer/CommandLineTools/usr/bin
clang: warning: argument unused during compilation: '-ftemplate-depth-256' [-Wunused-command-line-argument]
configure:1930: $? = 0
configure:1919: clang++ -arch x86_64 -ftemplate-depth-256 -V >&5
clang: error: argument to '-V' is missing (expected 1 value)
clang: error: no input files
configure:1930: $? = 1
configure:1919: clang++ -arch x86_64 -ftemplate-depth-256 -qversion >&5
clang: error: unknown argument: '-qversion'
clang: error: no input files
configure:1930: $? = 1
configure:1950: checking whether the C++ compiler works
configure:1972: clang++ -arch x86_64 -ftemplate-depth-256 -O3 -mtune=native -march=native -Wno-unused-variable -Wno-unused-function   conftest.cpp  >&5
configure:1976: $? = 0
configure:2024: result: yes
configure:2027: checking for C++ compiler default output file name
configure:2029: result: a.out
configure:2035: checking for suffix of executables
configure:2042: clang++ -arch x86_64 -ftemplate-depth-256 -o conftest -O3 -mtune=native -march=native -Wno-unused-variable -Wno-unused-function   conftest.cpp  >&5
configure:2046: $? = 0
configure:2068: result: 
configure:2090: checking whether we are cross compiling
configure:2098: clang++ -arch x86_64 -ftemplate-depth-256 -o conftest -O3 -mtune=native -march=native -Wno-unused-variable -Wno-unused-function   conftest.cpp  >&5
configure:2102: $? = 0
configure:2109: ./conftest
configure:2113: $? = 0
configure:2128: result: no
configure:2133: checking for suffix of object files
configure:2155: clang++ -arch x86_64 -ftemplate-depth-256 -c -O3 -mtune=native -march=native -Wno-unused-variable -Wno-unused-function  conftest.cpp >&5
configure:2159: $? = 0
configure:2180: result: o
configure:2184: checking whether we are using the GNU C++ compiler
configure:2203: clang++ -arch x86_64 -ftemplate-depth-256 -c -O3 -mtune=native -march=native -Wno-unused-variable -Wno-unused-function  conftest.cpp >&5
configure:2203: $? = 0
configure:2212: result: yes
configure:2221: checking whether clang++ -arch x86_64 -ftemplate-depth-256 accepts -g
configure:2241: clang++ -arch x86_64 -ftemplate-depth-256 -c -g  conftest.cpp >&5
configure:2241: $? = 0
configure:2282: result: yes
configure:2311: checking how to run the C++ preprocessor
configure:2338: clang++ -arch x86_64 -ftemplate-depth-256 -E  conftest.cpp
configure:2338: $? = 0
configure:2352: clang++ -arch x86_64 -ftemplate-depth-256 -E  conftest.cpp
conftest.cpp:9:10: fatal error: 'ac_nonexistent.h' file not found
#include <ac_nonexistent.h>
         ^~~~~~~~~~~~~~~~~~
1 error generated.
configure:2352: $? = 1
configure: failed program was:
| /* confdefs.h */
| #define PACKAGE_NAME "mfbvar"
| #define PACKAGE_TARNAME "mfbvar"
| #define PACKAGE_VERSION "0.3.0.9000"
| #define PACKAGE_STRING "mfbvar 0.3.0.9000"
| #define PACKAGE_BUGREPORT ""
| #define PACKAGE_URL ""
| /* end confdefs.h.  */
| #include <ac_nonexistent.h>
configure:2377: result: clang++ -arch x86_64 -ftemplate-depth-256 -E
configure:2397: clang++ -arch x86_64 -ftemplate-depth-256 -E  conftest.cpp
configure:2397: $? = 0
configure:2411: clang++ -arch x86_64 -ftemplate-depth-256 -E  conftest.cpp
conftest.cpp:9:10: fatal error: 'ac_nonexistent.h' file not found
#include <ac_nonexistent.h>
         ^~~~~~~~~~~~~~~~~~
1 error generated.
configure:2411: $? = 1
configure: failed program was:
| /* confdefs.h */
| #define PACKAGE_NAME "mfbvar"
| #define PACKAGE_TARNAME "mfbvar"
| #define PACKAGE_VERSION "0.3.0.9000"
| #define PACKAGE_STRING "mfbvar 0.3.0.9000"
| #define PACKAGE_BUGREPORT ""
| #define PACKAGE_URL ""
| /* end confdefs.h.  */
| #include <ac_nonexistent.h>
configure:2448: checking for macOS
configure:2452: result: found
configure:2454: WARNING: OpenMP unavailable and turned off.
configure:2634: creating ./config.status

## ---------------------- ##
## Running config.status. ##
## ---------------------- ##

This file was extended by mfbvar config.status 0.3.0.9000, which was
generated by GNU Autoconf 2.69.  Invocation command line was

  CONFIG_FILES    = 
  CONFIG_HEADERS  = 
  CONFIG_LINKS    = 
  CONFIG_COMMANDS = 
  $ ./config.status 

on mac189605

config.status:723: creating src/Makevars

## ---------------- ##
## Cache variables. ##
## ---------------- ##

ac_cv_cxx_compiler_gnu=yes
ac_cv_env_CCC_set=
ac_cv_env_CCC_value=
ac_cv_env_CPPFLAGS_set=
ac_cv_env_CPPFLAGS_value=
ac_cv_env_CXXCPP_set=
ac_cv_env_CXXCPP_value=
ac_cv_env_CXXFLAGS_set=set
ac_cv_env_CXXFLAGS_value='-UNDEBUG -Wall -pedantic -g -O0'
ac_cv_env_CXX_set=
ac_cv_env_CXX_value=
ac_cv_env_LDFLAGS_set=
ac_cv_env_LDFLAGS_value=
ac_cv_env_LIBS_set=
ac_cv_env_LIBS_value=
ac_cv_env_build_alias_set=
ac_cv_env_build_alias_value=
ac_cv_env_host_alias_set=
ac_cv_env_host_alias_value=
ac_cv_env_target_alias_set=
ac_cv_env_target_alias_value=
ac_cv_objext=o
ac_cv_prog_CXXCPP='clang++ -arch x86_64 -ftemplate-depth-256 -E'
ac_cv_prog_cxx_g=yes

## ----------------- ##
## Output variables. ##
## ----------------- ##

CPPFLAGS=''
CXX='clang++ -arch x86_64 -ftemplate-depth-256'
CXXCPP='clang++ -arch x86_64 -ftemplate-depth-256 -E'
CXXFLAGS='-O3 -mtune=native -march=native -Wno-unused-variable -Wno-unused-function'
DEFS='-DPACKAGE_NAME=\"mfbvar\" -DPACKAGE_TARNAME=\"mfbvar\" -DPACKAGE_VERSION=\"0.3.0.9000\" -DPACKAGE_STRING=\"mfbvar\ 0.3.0.9000\" -DPACKAGE_BUGREPORT=\"\" -DPACKAGE_URL=\"\"'
ECHO_C='\c'
ECHO_N=''
ECHO_T=''
EXEEXT=''
LDFLAGS=''
LIBOBJS=''
LIBS=''
LTLIBOBJS=''
OBJEXT='o'
OPENMP_CFLAG=''
OPENMP_FLAG='-DARMA_DONT_USE_OPENMP'
PACKAGE_BUGREPORT=''
PACKAGE_NAME='mfbvar'
PACKAGE_STRING='mfbvar 0.3.0.9000'
PACKAGE_TARNAME='mfbvar'
PACKAGE_URL=''
PACKAGE_VERSION='0.3.0.9000'
PATH_SEPARATOR=':'
SHELL='/bin/sh'
ac_ct_CXX=''
bindir='${exec_prefix}/bin'
build_alias=''
datadir='${datarootdir}'
datarootdir='${prefix}/share'
docdir='${datarootdir}/doc/${PACKAGE_TARNAME}'
dvidir='${docdir}'
exec_prefix='${prefix}'
host_alias=''
htmldir='${docdir}'
includedir='${prefix}/include'
infodir='${datarootdir}/info'
libdir='${exec_prefix}/lib'
libexecdir='${exec_prefix}/libexec'
localedir='${datarootdir}/locale'
localstatedir='${prefix}/var'
mandir='${datarootdir}/man'
oldincludedir='/usr/include'
pdfdir='${docdir}'
prefix='/usr/local'
program_transform_name='s,x,x,'
psdir='${docdir}'
runstatedir='${localstatedir}/run'
sbindir='${exec_prefix}/sbin'
sharedstatedir='${prefix}/com'
sysconfdir='${prefix}/etc'
target_alias=''

## ----------- ##
## confdefs.h. ##
## ----------- ##

/* confdefs.h */
#define PACKAGE_NAME "mfbvar"
#define PACKAGE_TARNAME "mfbvar"
#define PACKAGE_VERSION "0.3.0.9000"
#define PACKAGE_STRING "mfbvar 0.3.0.9000"
#define PACKAGE_BUGREPORT ""
#define PACKAGE_URL ""

configure: exit 0
